app/build/intermediates/manifest_merge_blame_file/debug/manifest-merger-blame-debug-report.txt
1<?xml version="1.0" encoding="utf-8"?>
2<manifest xmlns:android="http://schemas.android.com/apk/res/android"
3    package="com.example.italian_englishgames"
4    android:versionCode="1"
5    android:versionName="1.0" >
6
7    <uses-sdk
8        android:minSdkVersion="25"
8-->src\main\AndroidManifest.xml
9        android:targetSdkVersion="30" />
9-->src\main\AndroidManifest.xml
10
11    <application
11-->src\main\AndroidManifest.xml:5:5-26:19
12        android:allowBackup="true"
12-->src\main\AndroidManifest.xml:6:9-35
13        android:appComponentFactory="androidx.core.app.CoreComponentFactory"
13-->[androidx.core:core:1.3.2] AndroidManifest.xml:24:18-86
14        android:debuggable="true"
15        android:extractNativeLibs="false"
16        android:icon="@mipmap/ic_launcher"
16-->src\main\AndroidManifest.xml:7:9-43
17        android:label="@string/app_name"
17-->src\main\AndroidManifest.xml:8:9-41
18        android:roundIcon="@mipmap/ic_launcher_round"
18-->src\main\AndroidManifest.xml:9:9-54
19        android:supportsRtl="true"
19-->src\main\AndroidManifest.xml:10:9-35
20        android:testOnly="true"
21        android:theme="@style/Theme.AppCompat.DayNight.NoActionBar" >
21-->src\main\AndroidManifest.xml:11:9-68
22        <activity
22-->src\main\AndroidManifest.xml:12:9-13:74
23            android:name="com.example.italian_englishgames.memory.MemActivity"
23-->src\main\AndroidManifest.xml:12:19-53
24            android:theme="@style/Theme.AppCompat.DayNight.NoActionBar" />
24-->src\main\AndroidManifest.xml:13:13-72
25        <activity
25-->src\main\AndroidManifest.xml:14:9-15:74
26            android:name="com.example.italian_englishgames.impiccato.ImpActivity"
26-->src\main\AndroidManifest.xml:14:19-56
27            android:theme="@style/Theme.AppCompat.DayNight.NoActionBar" />
27-->src\main\AndroidManifest.xml:15:13-72
28        <activity
28-->src\main\AndroidManifest.xml:16:9-25:20
29            android:name="com.example.italian_englishgames.MainActivity"
29-->src\main\AndroidManifest.xml:17:13-41
30            android:label="@string/title_activity_imp_main"
30-->src\main\AndroidManifest.xml:18:13-60
31            android:theme="@style/Theme.AppCompat.DayNight.NoActionBar" >
31-->src\main\AndroidManifest.xml:19:13-72
32            <intent-filter>
32-->src\main\AndroidManifest.xml:20:13-24:29
33                <action android:name="android.intent.action.MAIN" />
33-->src\main\AndroidManifest.xml:21:17-69
33-->src\main\AndroidManifest.xml:21:25-66
34
35                <category android:name="android.intent.category.LAUNCHER" />
35-->src\main\AndroidManifest.xml:23:17-77
35-->src\main\AndroidManifest.xml:23:27-74
36            </intent-filter>
37        </activity>
38    </application>
39
40</manifest>